<?xml version="1.0" encoding="UTF-8"?>
<testng-results skipped="0" failed="0" ignored="0" total="2" passed="2">
  <reporter-output>
  </reporter-output>
  <suite name="Simplilearn" duration-ms="3356" started-at="2021-11-29T07:26:20 UTC" finished-at="2021-11-29T07:26:24 UTC">
    <groups>
    </groups>
    <test name="Test" duration-ms="3356" started-at="2021-11-29T07:26:20 UTC" finished-at="2021-11-29T07:26:24 UTC">
      <class name="test.LoginTest">
        <test-method status="PASS" signature="ReportSetup()[pri:0, instance:test.LoginTest@51e2adc7]" name="ReportSetup" is-config="true" duration-ms="148" started-at="2021-11-29T07:26:20 UTC" finished-at="2021-11-29T07:26:21 UTC">
          <reporter-output>
          </reporter-output>
        </test-method> <!-- ReportSetup -->
        <test-method status="PASS" signature="setup()[pri:0, instance:test.LoginTest@51e2adc7]" name="setup" is-config="true" duration-ms="1113" started-at="2021-11-29T07:26:21 UTC" finished-at="2021-11-29T07:26:22 UTC">
          <reporter-output>
          </reporter-output>
        </test-method> <!-- setup -->
        <test-method status="PASS" signature="NegativeLogin(java.lang.String,java.lang.String)[pri:0, instance:test.LoginTest@51e2adc7]" name="NegativeLogin" duration-ms="336" started-at="2021-11-29T07:26:22 UTC" finished-at="2021-11-29T07:26:22 UTC">
          <params>
            <param index="0">
              <value>
                <![CDATA[standard_user]]>
              </value>
            </param>
            <param index="1">
              <value>
                <![CDATA[JG@3xfzn]]>
              </value>
            </param>
          </params>
          <reporter-output>
          </reporter-output>
        </test-method> <!-- NegativeLogin -->
        <test-method status="PASS" signature="teardown()[pri:0, instance:test.LoginTest@51e2adc7]" name="teardown" is-config="true" duration-ms="69" started-at="2021-11-29T07:26:22 UTC" finished-at="2021-11-29T07:26:22 UTC">
          <reporter-output>
          </reporter-output>
        </test-method> <!-- teardown -->
        <test-method status="PASS" signature="setup()[pri:0, instance:test.LoginTest@51e2adc7]" name="setup" is-config="true" duration-ms="870" started-at="2021-11-29T07:26:22 UTC" finished-at="2021-11-29T07:26:23 UTC">
          <reporter-output>
          </reporter-output>
        </test-method> <!-- setup -->
        <test-method status="PASS" signature="positiveLogin(java.lang.String,java.lang.String)[pri:0, instance:test.LoginTest@51e2adc7]" name="positiveLogin" duration-ms="387" started-at="2021-11-29T07:26:23 UTC" finished-at="2021-11-29T07:26:23 UTC">
          <params>
            <param index="0">
              <value>
                <![CDATA[standard_user]]>
              </value>
            </param>
            <param index="1">
              <value>
                <![CDATA[secret_sauce]]>
              </value>
            </param>
          </params>
          <reporter-output>
          </reporter-output>
        </test-method> <!-- positiveLogin -->
        <test-method status="PASS" signature="teardown()[pri:0, instance:test.LoginTest@51e2adc7]" name="teardown" is-config="true" duration-ms="75" started-at="2021-11-29T07:26:23 UTC" finished-at="2021-11-29T07:26:23 UTC">
          <reporter-output>
          </reporter-output>
        </test-method> <!-- teardown -->
        <test-method status="PASS" signature="ReportTearDown()[pri:0, instance:test.LoginTest@51e2adc7]" name="ReportTearDown" is-config="true" duration-ms="321" started-at="2021-11-29T07:26:23 UTC" finished-at="2021-11-29T07:26:24 UTC">
          <reporter-output>
          </reporter-output>
        </test-method> <!-- ReportTearDown -->
      </class> <!-- test.LoginTest -->
    </test> <!-- Test -->
  </suite> <!-- Simplilearn -->
</testng-results>
